<?xml version="1.0" encoding="UTF-8"?>
<!-- Generated by org.testng.reporters.JUnitReportReporter -->
<testsuite skipped="0" hostname="GOWTHAM-PC" name="org.ExtentReports.ExtentReportExample" tests="3" failures="0" timestamp="2022-12-06T15:31:38 IST" time="3.199" errors="0">
  <testcase name="openWikipedia" time="0.566" classname="org.ExtentReports.ExtentReportExample"/>
  <testcase name="openBing" time="1.366" classname="org.ExtentReports.ExtentReportExample"/>
  <testcase name="openGoogle" time="1.267" classname="org.ExtentReports.ExtentReportExample"/>
</testsuite> <!-- org.ExtentReports.ExtentReportExample -->
